<?xml version="1.0" encoding="UTF-8"?>
<robot generator="Robot 7.2.2 (Python 3.13.2 on win32)" generated="2025-03-28T12:52:53.695736" rpa="false" schemaversion="5">
<suite id="s1" name="Classproject-Aqa02-Futureskill" source="C:\Users\phrpa\Learn\AQA02\classproject-aqa02-futureskill">
<suite id="s1-s1" name="Testcase" source="C:\Users\phrpa\Learn\AQA02\classproject-aqa02-futureskill\testcase">
<suite id="s1-s1-s1" name="Classproject" source="C:\Users\phrpa\Learn\AQA02\classproject-aqa02-futureskill\testcase\classproject.robot">
<kw name="Open Browser" owner="SeleniumLibrary" type="SETUP">
<msg time="2025-03-28T12:52:53.922393" level="INFO">Opening browser 'chrome' to base url 'https://futureskill.co/'.</msg>
<arg>${baseUrl}</arg>
<arg>chrome</arg>
<arg>options=add_argument("--start-maximized")</arg>
<doc>Opens a new browser instance to the optional ``url``.</doc>
<status status="PASS" start="2025-03-28T12:52:53.922137" elapsed="1.627674"/>
</kw>
<test id="s1-s1-s1-t1" name="As a user, I want to Register success and get OTP" line="12">
<kw name="When user Register to future skill platform with ${email}, ${firstName}, ${lastName}, ${phoneNumber}, ${newPassword} and ${confirmPassword}" owner="RegisterPageKeywords" source_name="user Register to future skill platform with ${email}, ${firstName}, ${lastName}, ${phoneNumber}, ${newPassword} and ${confirmPassword}">
<kw name="Wait until element is ready then click element" owner="CommonKeywords">
<kw name="Wait Until Keyword Succeeds" owner="BuiltIn">
<kw name="Click Element" owner="SeleniumLibrary">
<msg time="2025-03-28T12:52:55.552188" level="INFO">Clicking element 'xpath=//button[text()="สมัครสมาชิก"]'.</msg>
<arg>${locator}</arg>
<doc>Click the element identified by ``locator``.</doc>
<status status="PASS" start="2025-03-28T12:52:55.551883" elapsed="1.432542"/>
</kw>
<arg>5x</arg>
<arg>5s</arg>
<arg>Click Element</arg>
<arg>${locator}</arg>
<doc>Runs the specified keyword and retries if it fails.</doc>
<status status="PASS" start="2025-03-28T12:52:55.551697" elapsed="1.432879"/>
</kw>
<arg>xpath=//button[text()="สมัครสมาชิก"]</arg>
<status status="PASS" start="2025-03-28T12:52:55.551470" elapsed="1.433230"/>
</kw>
<kw name="Wait until element is ready then input text" owner="CommonKeywords">
<kw name="Wait Until Keyword Succeeds" owner="BuiltIn">
<kw name="Input Text" owner="SeleniumLibrary">
<msg time="2025-03-28T12:52:56.986050" level="INFO">Typing text 'Ab.stopbus+12345@gmail.com' into text field 'name=email'.</msg>
<arg>${locator}</arg>
<arg>${text}</arg>
<doc>Types the given ``text`` into the text field identified by ``locator``.</doc>
<status status="PASS" start="2025-03-28T12:52:56.985782" elapsed="0.303466"/>
</kw>
<arg>5x</arg>
<arg>5s</arg>
<arg>Input Text</arg>
<arg>${locator}</arg>
<arg>${text}</arg>
<doc>Runs the specified keyword and retries if it fails.</doc>
<status status="PASS" start="2025-03-28T12:52:56.985478" elapsed="0.303872"/>
</kw>
<arg>name=email</arg>
<arg>${email}</arg>
<status status="PASS" start="2025-03-28T12:52:56.984977" elapsed="0.304470"/>
</kw>
<kw name="Wait until element is ready then input text" owner="CommonKeywords">
<kw name="Wait Until Keyword Succeeds" owner="BuiltIn">
<kw name="Input Text" owner="SeleniumLibrary">
<msg time="2025-03-28T12:52:57.290440" level="INFO">Typing text 'Abc' into text field 'name=firstName'.</msg>
<arg>${locator}</arg>
<arg>${text}</arg>
<doc>Types the given ``text`` into the text field identified by ``locator``.</doc>
<status status="PASS" start="2025-03-28T12:52:57.290192" elapsed="0.080647"/>
</kw>
<arg>5x</arg>
<arg>5s</arg>
<arg>Input Text</arg>
<arg>${locator}</arg>
<arg>${text}</arg>
<doc>Runs the specified keyword and retries if it fails.</doc>
<status status="PASS" start="2025-03-28T12:52:57.290027" elapsed="0.080909"/>
</kw>
<arg>name=firstName</arg>
<arg>${firstName}</arg>
<status status="PASS" start="2025-03-28T12:52:57.289699" elapsed="0.081321"/>
</kw>
<kw name="Wait until element is ready then input text" owner="CommonKeywords">
<kw name="Wait Until Keyword Succeeds" owner="BuiltIn">
<kw name="Input Text" owner="SeleniumLibrary">
<msg time="2025-03-28T12:52:57.371847" level="INFO">Typing text 'stopbus' into text field 'name=lastName'.</msg>
<arg>${locator}</arg>
<arg>${text}</arg>
<doc>Types the given ``text`` into the text field identified by ``locator``.</doc>
<status status="PASS" start="2025-03-28T12:52:57.371665" elapsed="0.060260"/>
</kw>
<arg>5x</arg>
<arg>5s</arg>
<arg>Input Text</arg>
<arg>${locator}</arg>
<arg>${text}</arg>
<doc>Runs the specified keyword and retries if it fails.</doc>
<status status="PASS" start="2025-03-28T12:52:57.371495" elapsed="0.060527"/>
</kw>
<arg>name=lastName</arg>
<arg>${lastName}</arg>
<status status="PASS" start="2025-03-28T12:52:57.371194" elapsed="0.060902"/>
</kw>
<kw name="Wait until element is ready then input text" owner="CommonKeywords">
<kw name="Wait Until Keyword Succeeds" owner="BuiltIn">
<kw name="Input Text" owner="SeleniumLibrary">
<msg time="2025-03-28T12:52:57.432872" level="INFO">Typing text '0812345678' into text field 'name=phoneNumber'.</msg>
<arg>${locator}</arg>
<arg>${text}</arg>
<doc>Types the given ``text`` into the text field identified by ``locator``.</doc>
<status status="PASS" start="2025-03-28T12:52:57.432702" elapsed="0.058542"/>
</kw>
<arg>5x</arg>
<arg>5s</arg>
<arg>Input Text</arg>
<arg>${locator}</arg>
<arg>${text}</arg>
<doc>Runs the specified keyword and retries if it fails.</doc>
<status status="PASS" start="2025-03-28T12:52:57.432552" elapsed="0.058810"/>
</kw>
<arg>name=phoneNumber</arg>
<arg>${phoneNumber}</arg>
<status status="PASS" start="2025-03-28T12:52:57.432259" elapsed="0.059202"/>
</kw>
<kw name="Wait until element is ready then input text" owner="CommonKeywords">
<kw name="Wait Until Keyword Succeeds" owner="BuiltIn">
<kw name="Input Text" owner="SeleniumLibrary">
<msg time="2025-03-28T12:52:57.492446" level="INFO">Typing text '0123456789Az' into text field 'name=newPassword'.</msg>
<arg>${locator}</arg>
<arg>${text}</arg>
<doc>Types the given ``text`` into the text field identified by ``locator``.</doc>
<status status="PASS" start="2025-03-28T12:52:57.492159" elapsed="0.069976"/>
</kw>
<arg>5x</arg>
<arg>5s</arg>
<arg>Input Text</arg>
<arg>${locator}</arg>
<arg>${text}</arg>
<doc>Runs the specified keyword and retries if it fails.</doc>
<status status="PASS" start="2025-03-28T12:52:57.492001" elapsed="0.070249"/>
</kw>
<arg>name=newPassword</arg>
<arg>${newPassword}</arg>
<status status="PASS" start="2025-03-28T12:52:57.491699" elapsed="0.070625"/>
</kw>
<kw name="Wait until element is ready then input text" owner="CommonKeywords">
<kw name="Wait Until Keyword Succeeds" owner="BuiltIn">
<kw name="Input Text" owner="SeleniumLibrary">
<msg time="2025-03-28T12:52:57.563154" level="INFO">Typing text '0123456789Az' into text field 'name=confirmPassword'.</msg>
<arg>${locator}</arg>
<arg>${text}</arg>
<doc>Types the given ``text`` into the text field identified by ``locator``.</doc>
<status status="PASS" start="2025-03-28T12:52:57.562977" elapsed="0.063805"/>
</kw>
<arg>5x</arg>
<arg>5s</arg>
<arg>Input Text</arg>
<arg>${locator}</arg>
<arg>${text}</arg>
<doc>Runs the specified keyword and retries if it fails.</doc>
<status status="PASS" start="2025-03-28T12:52:57.562818" elapsed="0.064052"/>
</kw>
<arg>name=confirmPassword</arg>
<arg>${confirmPassword}</arg>
<status status="PASS" start="2025-03-28T12:52:57.562507" elapsed="0.064439"/>
</kw>
<kw name="Wait until element is ready then click element" owner="CommonKeywords">
<kw name="Wait Until Keyword Succeeds" owner="BuiltIn">
<kw name="Click Element" owner="SeleniumLibrary">
<msg time="2025-03-28T12:52:57.627649" level="INFO">Clicking element 'name=consent'.</msg>
<arg>${locator}</arg>
<doc>Click the element identified by ``locator``.</doc>
<status status="PASS" start="2025-03-28T12:52:57.627495" elapsed="0.069474"/>
</kw>
<arg>5x</arg>
<arg>5s</arg>
<arg>Click Element</arg>
<arg>${locator}</arg>
<doc>Runs the specified keyword and retries if it fails.</doc>
<status status="PASS" start="2025-03-28T12:52:57.627336" elapsed="0.069721"/>
</kw>
<arg>name=consent</arg>
<status status="PASS" start="2025-03-28T12:52:57.627100" elapsed="0.070204"/>
</kw>
<kw name="Wait until element is ready then click element" owner="CommonKeywords">
<kw name="Wait Until Keyword Succeeds" owner="BuiltIn">
<kw name="Click Element" owner="SeleniumLibrary">
<msg time="2025-03-28T12:52:57.698084" level="INFO">Clicking element 'xpath=//button[@type="submit" and text()="สมัครสมาชิก"]'.</msg>
<arg>${locator}</arg>
<doc>Click the element identified by ``locator``.</doc>
<status status="PASS" start="2025-03-28T12:52:57.697923" elapsed="0.068695"/>
</kw>
<arg>5x</arg>
<arg>5s</arg>
<arg>Click Element</arg>
<arg>${locator}</arg>
<doc>Runs the specified keyword and retries if it fails.</doc>
<status status="PASS" start="2025-03-28T12:52:57.697738" elapsed="0.068978"/>
</kw>
<arg>xpath=//button[@type="submit" and text()="สมัครสมาชิก"]</arg>
<status status="PASS" start="2025-03-28T12:52:57.697485" elapsed="0.069301"/>
</kw>
<status status="PASS" start="2025-03-28T12:52:55.551017" elapsed="2.215822"/>
</kw>
<kw name="Then future skill should display OTP page and display message as &quot;ระบบได้ส่งรหัส OTP ไปยังเบอร์โทรศัพท์&quot;" owner="OTPPageKeywords" source_name="future skill should display OTP page and display message as &quot;${expected_message}&quot;">
<kw name="Wait until page contains element then verify text" owner="CommonKeywords">
<kw name="Wait Until Keyword Succeeds" owner="BuiltIn">
<kw name="Page Should Contain" owner="SeleniumLibrary">
<msg time="2025-03-28T12:52:58.026429" level="INFO" html="true">&lt;/td&gt;&lt;/tr&gt;&lt;tr&gt;&lt;td colspan="3"&gt;&lt;a href="selenium-screenshot-37.png"&gt;&lt;img src="selenium-screenshot-37.png" width="800px"&gt;&lt;/a&gt;</msg>
<msg time="2025-03-28T12:52:58.026630" level="FAIL">StaleElementReferenceException: Message: stale element reference: stale element not found in the current frame
  (Session info: chrome=134.0.6998.166); For documentation on this error, please visit: https://www.selenium.dev/documentation/webdriver/troubleshooting/errors#stale-element-reference-exception
Stacktrace:
	GetHandleVerifier [0x00007FF644544C25+3179557]
	(No symbol) [0x00007FF6441A88A0]
	(No symbol) [0x00007FF6440391CA]
	(No symbol) [0x00007FF644040B98]
	(No symbol) [0x00007FF644043BCC]
	(No symbol) [0x00007FF644043C9F]
	(No symbol) [0x00007FF644093521]
	(No symbol) [0x00007FF6440E258E]
	(No symbol) [0x00007FF6440B7C2A]
	(No symbol) [0x00007FF6440E02F3]
	(No symbol) [0x00007FF6440B7A03]
	(No symbol) [0x00007FF6440806D0]
	(No symbol) [0x00007FF644081983]
	GetHandleVerifier [0x00007FF6445A67CD+3579853]
	GetHandleVerifier [0x00007FF6445BD1D2+3672530]
	GetHandleVerifier [0x00007FF6445B2153+3627347]
	GetHandleVerifier [0x00007FF64431092A+868650]
	(No symbol) [0x00007FF6441B2FFF]
	(No symbol) [0x00007FF6441AF4A4]
	(No symbol) [0x00007FF6441AF646]
	(No symbol) [0x00007FF64419EAA9]
	BaseThreadInitThunk [0x00007FFE848DE8D7+23]
	RtlUserThreadStart [0x00007FFE8625BF6C+44]
</msg>
<arg>${expected_text}</arg>
<doc>Verifies that current page contains ``text``.</doc>
<status status="FAIL" start="2025-03-28T12:52:57.767782" elapsed="0.261305">StaleElementReferenceException: Message: stale element reference: stale element not found in the current frame
  (Session info: chrome=134.0.6998.166); For documentation on this error, please visit: https://www.selenium.dev/documentation/webdriver/troubleshooting/errors#stale-element-reference-exception
Stacktrace:
	GetHandleVerifier [0x00007FF644544C25+3179557]
	(No symbol) [0x00007FF6441A88A0]
	(No symbol) [0x00007FF6440391CA]
	(No symbol) [0x00007FF644040B98]
	(No symbol) [0x00007FF644043BCC]
	(No symbol) [0x00007FF644043C9F]
	(No symbol) [0x00007FF644093521]
	(No symbol) [0x00007FF6440E258E]
	(No symbol) [0x00007FF6440B7C2A]
	(No symbol) [0x00007FF6440E02F3]
	(No symbol) [0x00007FF6440B7A03]
	(No symbol) [0x00007FF6440806D0]
	(No symbol) [0x00007FF644081983]
	GetHandleVerifier [0x00007FF6445A67CD+3579853]
	GetHandleVerifier [0x00007FF6445BD1D2+3672530]
	GetHandleVerifier [0x00007FF6445B2153+3627347]
	GetHandleVerifier [0x00007FF64431092A+868650]
	(No symbol) [0x00007FF6441B2FFF]
	(No symbol) [0x00007FF6441AF4A4]
	(No symbol) [0x00007FF6441AF646]
	(No symbol) [0x00007FF64419EAA9]
	BaseThreadInitThunk [0x00007FFE848DE8D7+23]
	RtlUserThreadStart [0x00007FFE8625BF6C+44]
</status>
</kw>
<kw name="Page Should Contain" owner="SeleniumLibrary">
<msg time="2025-03-28T12:53:03.038711" level="INFO">Current page contains text 'ระบบได้ส่งรหัส OTP ไปยังเบอร์โทรศัพท์'.</msg>
<arg>${expected_text}</arg>
<doc>Verifies that current page contains ``text``.</doc>
<status status="PASS" start="2025-03-28T12:53:03.029629" elapsed="0.009173"/>
</kw>
<arg>5x</arg>
<arg>5s</arg>
<arg>Page Should Contain</arg>
<arg>${expected_text}</arg>
<doc>Runs the specified keyword and retries if it fails.</doc>
<status status="PASS" start="2025-03-28T12:52:57.767625" elapsed="5.271254"/>
</kw>
<arg>${expected_message}</arg>
<status status="PASS" start="2025-03-28T12:52:57.767425" elapsed="5.271529"/>
</kw>
<status status="PASS" start="2025-03-28T12:52:57.767164" elapsed="5.271846"/>
</kw>
<status status="PASS" start="2025-03-28T12:52:55.550019" elapsed="7.489366"/>
</test>
<kw name="Close Browser" owner="SeleniumLibrary" type="TEARDOWN">
<doc>Closes the current browser.</doc>
<status status="PASS" start="2025-03-28T12:53:03.040467" elapsed="2.195525"/>
</kw>
<status status="PASS" start="2025-03-28T12:52:53.722434" elapsed="11.513680"/>
</suite>
<status status="PASS" start="2025-03-28T12:52:53.721071" elapsed="11.516534"/>
</suite>
<status status="PASS" start="2025-03-28T12:52:53.696977" elapsed="11.541518"/>
</suite>
<statistics>
<total>
<stat pass="1" fail="0" skip="0">All Tests</stat>
</total>
<tag>
</tag>
<suite>
<stat name="Classproject-Aqa02-Futureskill" id="s1" pass="1" fail="0" skip="0">Classproject-Aqa02-Futureskill</stat>
<stat name="Testcase" id="s1-s1" pass="1" fail="0" skip="0">Classproject-Aqa02-Futureskill.Testcase</stat>
<stat name="Classproject" id="s1-s1-s1" pass="1" fail="0" skip="0">Classproject-Aqa02-Futureskill.Testcase.Classproject</stat>
</suite>
</statistics>
<errors>
</errors>
</robot>
